 Volume in drive G has no label
 Volume Serial Number is 3631-3631
Directory for G:/

ARCADE       <DIR>     2022-09-01   1:04 
BG       BIN     76802 2022-09-07  14:25 
DELME        <DIR>     2022-09-07  15:05 
CALLIOPE PRG     14103 2022-09-07   2:08 
DEFLEM~1     <DIR>     2022-09-01   1:04  DEFLEMASK
FURNACE      <DIR>     2022-09-01   1:04 
LEADEN~1 ZSM     99920 2022-09-01   1:04  LEADENSKY.ZSM
MSX          <DIR>     2022-09-01   1:04 
SEGA         <DIR>     2022-09-01   1:04 
X16ROB~1     <DIR>     2022-09-01   1:07  X16ROBOTS
2BPPAL~1 BIN      2050 2022-09-06  21:38  2BPPALTFONT.BIN
MARBLE~1     <DIR>     2022-09-07  15:21  MARBLE MADNESS
       12 files             192 875 bytes

Directory for G:/ARCADE

.            <DIR>     2022-09-01   1:04 
..           <DIR>     2022-09-01   1:04 
RASTAN   ZSM     37905 2022-09-01   1:04 
GHOULS~1     <DIR>     2022-09-01   1:04  GHOULSNGHOSTS
STREET~1     <DIR>     2022-09-01   1:04  STREETFIGHTER2
BLACKT~1     <DIR>     2022-09-01   1:04  BLACKTIGER
UNSQUAD  ZSM      7152 2022-09-01   1:04 
MARBLE~1     <DIR>     2022-09-07   2:31  MARBLEMAD
GALAGA~1     <DIR>     2022-09-07   9:07  GALAGA 88
XEXEX        <DIR>     2022-09-07  11:34 
       10 files              45 057 bytes

Directory for G:/ARCADE/GHOULSNGHOSTS

.            <DIR>     2022-09-01   1:04 
..           <DIR>     2022-09-01   1:04 
VILLAGE  ZSM     15233 2022-09-01   1:04 
        3 files              15 233 bytes

Directory for G:/ARCADE/STREETFIGHTER2

.            <DIR>     2022-09-01   1:04 
..           <DIR>     2022-09-01   1:04 
RYU      ZSM     16233 2022-09-01   1:04 
GUILE    ZSM     19205 2022-09-01   1:04 
SF2INTRO ZSM      5226 2022-09-01   1:04 
KENSTAGE ZSM     16627 2022-09-01   1:04 
        6 files              57 291 bytes

Directory for G:/ARCADE/BLACKTIGER

.            <DIR>     2022-09-01   1:04 
..           <DIR>     2022-09-01   1:04 
DUNGEON  ZSM      4282 2022-09-01   1:04 
BLKTIGER ZSM     26517 2022-09-01   1:04 
        4 files              30 799 bytes

Directory for G:/ARCADE/MARBLEMAD

.            <DIR>     2022-09-07   2:31 
..           <DIR>     2022-09-07   2:31 
LEVEL2   ZSM      7997 2022-09-07   2:31 
        3 files               7 997 bytes

Directory for G:/ARCADE/GALAGA 88

.            <DIR>     2022-09-07   9:07 
..           <DIR>     2022-09-07   9:07 
PERFECT  ZSM      6115 2022-09-07   9:07 
ENDING   ZSM     30708 2022-09-07   9:07 
MARCH    ZSM     35157 2022-09-07   9:07 
JAZZ     ZSM     38765 2022-09-07   9:07 
GAMEOVER ZSM     28131 2022-09-07   9:07 
BONUS    ZSM      3523 2022-09-07   9:07 
SALSA    ZSM     30461 2022-09-07   9:07 
WALZ     ZSM     14042 2022-09-07   9:07 
TANGO    ZSM     29979 2022-09-07   9:07 
OPENING  ZSM      9529 2022-09-07   9:07 
NAMEEN~1 ZSM     14044 2022-09-07   9:07  NAME ENTRY.ZSM
CAPTURE  ZSM      5482 2022-09-07   9:07 
       14 files             245 936 bytes

Directory for G:/ARCADE/XEXEX

.            <DIR>     2022-09-07  11:34 
..           <DIR>     2022-09-07  11:34 
BATTLE~1 ZSM     39038 2022-09-01   1:04  BATTLECRY.ZSM
BREEZE   ZSM     25227 2022-09-01   1:04 
        4 files              64 265 bytes

Directory for G:/DELME

.            <DIR>     2022-09-07  15:05 
..           <DIR>     2022-09-07  15:05 
X16ROB~1     <DIR>     2022-09-07  15:05  X16ROBOTS
SEGA         <DIR>     2022-09-07  15:05 
MSX          <DIR>     2022-09-07  15:05 
calliope png      2582 2022-09-07  15:05 
BACKGR~1 XCF    182410 2022-09-07  15:05  background.xcf
ARCADE       <DIR>     2022-09-07  15:05 
README   txt       101 2022-09-07  15:05 
        9 files             185 093 bytes

Directory for G:/DELME/X16ROBOTS

.            <DIR>     2022-09-07  15:05 
..           <DIR>     2022-09-07  15:05 
LEVELF   ZSM    138774 2022-09-07  15:05 
LEVELB   ZSM     96712 2022-09-07  15:05 
BGM      ZSM    187886 2022-09-07  15:05 
MAIN     ZSM    187886 2022-09-07  15:05 
LEVELA   ZSM    113061 2022-09-07  15:05 
LEVELE   ZSM    146480 2022-09-07  15:05 
LEVELC   ZSM     69166 2022-09-07  15:05 
WIN      ZSM      1706 2022-09-07  15:05 
imgui    ini       573 2022-09-07  15:05 
LOSE     ZSM       910 2022-09-07  15:05 
LEVELD   ZSM    101333 2022-09-07  15:05 
       13 files           1 044 487 bytes

Directory for G:/DELME/SEGA

.            <DIR>     2022-09-07  15:05 
..           <DIR>     2022-09-07  15:05 
PHSTAR~1     <DIR>     2022-09-07  15:05  PHSTAR IV
SONIC1       <DIR>     2022-09-07  15:05 
MICKEY~1     <DIR>     2022-09-07  15:05  MICKEY-ILLUSION
        5 files                   0 bytes

Directory for G:/DELME/SEGA/PHSTAR IV

.            <DIR>     2022-09-07  15:05 
..           <DIR>     2022-09-07  15:05 
THEKIN~1 ZSM     51689 2022-09-07  15:05  THE KING OF TERRORS.ZSM
DEZOLI~1 ZSM     51151 2022-09-07  15:05  DEZOLIS FIELD 1.ZSM
HERLAS~1 ZSM    134227 2022-09-07  15:05  HER LAST BREATH.ZSM
REQUIE~1 ZSM    168637 2022-09-07  15:05  REQUIEM FOR LUTZ.ZSM
JIJYNO~1 ZSM     88284 2022-09-07  15:05  JIJY NO RAG.ZSM
ABYSS    ZSM     55086 2022-09-07  15:05 
TOWER    ZSM     51336 2022-09-07  15:05 
THEPRO~1 ZSM    194383 2022-09-07  15:05  THE PROMISING FUTURE 1.ZSM
INN      ZSM     16645 2022-09-07  15:05 
PS1DUN~1 ZSM     82986 2022-09-07  15:05  PS1 DUNGEON ARRANGE 2.ZSM
THEPRO~2 ZSM    209755 2022-09-07  15:05  THE PROMISING FUTURE 2.ZSM
BEHIND~1 ZSM     56063 2022-09-07  15:05  BEHIND THE CIRCUIT.ZSM
NOWONS~1 ZSM     32575 2022-09-07  15:05  NOW ON SALE.ZSM
LAUGHTER ZSM    226240 2022-09-07  15:05 
SETTLE~1 ZSM     30459 2022-09-07  15:05  SETTLEMENT.ZSM
TERRIB~1 ZSM     44787 2022-09-07  15:05  TERRIBLSIGHT.ZSM
TAKEOFF  ZSM     43942 2022-09-07  15:05 
MOTAVI~1 ZSM    136152 2022-09-07  15:05  MOTAVIA VILLAGE.ZSM
LANDMA~1 ZSM     68404 2022-09-07  15:05  LAND MASTER AXV-25.ZSM
THEAGE~1 ZSM     55470 2022-09-07  15:05  THE AGE OF FABLES.ZSM
DEFEAT~1 ZSM     24002 2022-09-07  15:05  DEFEAT AT A BLOW!.ZSM
CYBERN~1 ZSM     41480 2022-09-07  15:05  CYBERNETIC CARNIVAL.ZSM
DEZOLI~2 ZSM      3846 2022-09-07  15:05  DEZOLIS DE DON.ZSM
MACHIN~1 ZSM     29739 2022-09-07  15:05  MACHINE CENTER.ZSM
EDGEOF~1 ZSM     35664 2022-09-07  15:05  EDGE OF DARKNESS.ZSM
THEBLA~1 ZSM    119100 2022-09-07  15:05  THE BLACK BLOOD.ZSM
DEZOLI~3 ZSM     62484 2022-09-07  15:05  DEZOLIS FIELD 2.ZSM
PAIN     ZSM     47056 2022-09-07  15:05 
ORGANI~1 ZSM    105614 2022-09-07  15:05  ORGANIC BEAT.ZSM
MOTAVI~2 ZSM     60842 2022-09-07  15:05  MOTAVIA TOWN.ZSM
RUNE     ZSM     59527 2022-09-07  15:05 
PAO-PAO! ZSM     66037 2022-09-07  15:05 
SUSPIC~1 ZSM     26691 2022-09-07  15:05  SUSPICION.ZSM
TONOED~1 ZSM     82814 2022-09-07  15:05  TONOE DE PON.ZSM
INTHEC~1 ZSM    123326 2022-09-07  15:05  IN THE CAVE.ZSM
STAFFR~1 ZSM    127052 2022-09-07  15:05  STAFF ROLL.ZSM
DEZOLI~4 ZSM    150359 2022-09-07  15:05  DEZOLIS TOWN 1.ZSM
RYKROS~1 ZSM     86120 2022-09-07  15:05  RYKROS FIELD.ZSM
FIELDM~1 ZSM     92470 2022-09-07  15:05  FIELD MOTAVIA.ZSM
WINNERS! ZSM      1228 2022-09-07  15:05 
RIKA     ZSM     28705 2022-09-07  15:05 
DEZOLI~6 ZSM     27024 2022-09-07  15:05  DEZOLIS TOWN 2.ZSM
OOZE     ZSM    349125 2022-09-07  15:05 
GUMBIO~1 ZSM    101140 2022-09-07  15:05  GUMBIOUS TEMPLE.ZSM
REDALE~1 ZSM     29235 2022-09-07  15:05  RED ALERT.ZSM
TERRIB~2 ZSM     44787 2022-09-07  15:05  TERRIBLE SIGHT.ZSM
THEEND~1 ZSM     94005 2022-09-07  15:05  THE END OF THE MILLENNIUM.ZSM
MEETTH~1 ZSM     99444 2022-09-07  15:05  MEET THEM HEAD-ON!.ZSM
PS1DUN~2 ZSM     48070 2022-09-07  15:05  PS1 DUNGEON ARRANGE 1.ZSM
       51 files           3 965 257 bytes

Directory for G:/DELME/SEGA/SONIC1

.            <DIR>     2022-09-07  15:05 
..           <DIR>     2022-09-07  15:05 
DROWNING ZSM      6556 2022-09-07  15:05 
MARBLE~1 ZSM     13213 2022-09-07  15:05  MARBLEZONE.ZSM
GAMEOVER ZSM      2565 2022-09-07  15:05 
GREENH~1 ZSM     22337 2022-09-07  15:05  GREENHILL.ZSM
CLEAR    ZSM      3546 2022-09-07  15:05 
CONTINUE ZSM      1867 2022-09-07  15:05 
STARLI~1 ZSM     11543 2022-09-07  15:05  STARLIGHT.ZSM
LABYRI~1 ZSM     26937 2022-09-07  15:05  LABYRINTH.ZSM
ROBOTNIK ZSM     11682 2022-09-07  15:05 
BONUSS~1 ZSM      8553 2022-09-07  15:05  BONUSSTAGE.ZSM
       12 files             108 799 bytes

Directory for G:/DELME/SEGA/MICKEY-ILLUSION

.            <DIR>     2022-09-07  15:05 
..           <DIR>     2022-09-07  15:05 
SPOOKY   ZSM     16618 2022-09-07  15:05 
        3 files              16 618 bytes

Directory for G:/DELME/MSX

.            <DIR>     2022-09-07  15:05 
..           <DIR>     2022-09-07  15:05 
GOONIES  ZSM     11643 2022-09-07  15:05 
        3 files              11 643 bytes

Directory for G:/DELME/ARCADE

.            <DIR>     2022-09-07  15:05 
..           <DIR>     2022-09-07  15:05 
GHOULS~1     <DIR>     2022-09-07  15:05  GHOULSNGHOSTS
MARBLE~1     <DIR>     2022-09-07  15:05  MARBLEMAD
UNSQUA~1     <DIR>     2022-09-07  15:05  UNSQUADRON
RASTAN       <DIR>     2022-09-07  15:05 
STREET~1     <DIR>     2022-09-07  15:05  STREETFIGHTER2
XEXEX        <DIR>     2022-09-07  15:05 
BLACKT~1     <DIR>     2022-09-07  15:05  BLACK TIGER
GALAGA~1     <DIR>     2022-09-07  15:05  GALAGA 88
OUTRUN       <DIR>     2022-09-07  15:05 
       11 files                   0 bytes

Directory for G:/DELME/ARCADE/GHOULSNGHOSTS

.            <DIR>     2022-09-07  15:05 
..           <DIR>     2022-09-07  15:05 
VILLAGE  ZSM     15233 2022-09-07  15:05 
        3 files              15 233 bytes

Directory for G:/DELME/ARCADE/MARBLEMAD

.            <DIR>     2022-09-07  15:05 
..           <DIR>     2022-09-07  15:05 
LEVEL4~1 ZSM      4865 2022-09-07  15:05  LEVEL 4.ZSM
LEVEL2   ZSM      7997 2022-09-07  15:05 
GAMEOVER ZSM      1606 2022-09-07  15:05 
LEVEL6~1 ZSM      9452 2022-09-07  15:05  LEVEL 6.ZSM
HISCORE  ZSM      9510 2022-09-07  15:05 
LEVEL3~1 ZSM     25491 2022-09-07  15:05  LEVEL 3.ZSM
LEVEL1~1 ZSM      9684 2022-09-07  15:05  LEVEL 1.ZSM
        9 files              68 605 bytes

Directory for G:/DELME/ARCADE/UNSQUADRON

.            <DIR>     2022-09-07  15:05 
..           <DIR>     2022-09-07  15:05 
SHOP     ZSM      7152 2022-09-07  15:05 
        3 files               7 152 bytes

Directory for G:/DELME/ARCADE/RASTAN

.            <DIR>     2022-09-07  15:05 
..           <DIR>     2022-09-07  15:05 
RASTAN   ZSM     37905 2022-09-07  15:05 
        3 files              37 905 bytes

Directory for G:/DELME/ARCADE/STREETFIGHTER2

.            <DIR>     2022-09-07  15:05 
..           <DIR>     2022-09-07  15:05 
SF2INTRO ZSM      5226 2022-09-07  15:05 
KENSTAGE ZSM     16627 2022-09-07  15:05 
RYU      ZSM     16233 2022-09-07  15:05 
GUILE    ZSM     19205 2022-09-07  15:05 
        6 files              57 291 bytes

Directory for G:/DELME/ARCADE/XEXEX

.            <DIR>     2022-09-07  15:05 
..           <DIR>     2022-09-07  15:05 
BREEZE   ZSM     25227 2022-09-07  15:05 
BATTLE~1 ZSM     39038 2022-09-07  15:05  BATTLECRY.ZSM
        4 files              64 265 bytes

Directory for G:/DELME/ARCADE/BLACK TIGER

.            <DIR>     2022-09-07  15:05 
..           <DIR>     2022-09-07  15:05 
STAGE1   ZSM     26517 2022-09-07  15:05 
DUNGEON  ZSM      4282 2022-09-07  15:05 
        4 files              30 799 bytes

Directory for G:/DELME/ARCADE/GALAGA 88

.            <DIR>     2022-09-07  15:05 
..           <DIR>     2022-09-07  15:05 
PERFECT  ZSM      6115 2022-09-07  15:05 
ENDING   ZSM     30708 2022-09-07  15:05 
MARCH    ZSM     35157 2022-09-07  15:05 
JAZZ     ZSM     38765 2022-09-07  15:05 
GAMEOVER ZSM     28131 2022-09-07  15:05 
BONUS    ZSM      3523 2022-09-07  15:05 
SALSA    ZSM     30461 2022-09-07  15:05 
WALZ     ZSM     14042 2022-09-07  15:05 
TANGO    ZSM     29979 2022-09-07  15:05 
OPENING  ZSM      9529 2022-09-07  15:05 
NAMEEN~1 ZSM     14044 2022-09-07  15:05  NAME ENTRY.ZSM
CAPTURE  ZSM      5482 2022-09-07  15:05 
       14 files             245 936 bytes

Directory for G:/DELME/ARCADE/OUTRUN

.            <DIR>     2022-09-07  15:05 
..           <DIR>     2022-09-07  15:05 
CRUISING ZSM     50907 2022-09-07  15:05 
SPLASH~1 ZSM     45516 2022-09-07  15:05  SPLASHWAVE.ZSM
PASSIN~1 ZSM     22041 2022-09-07  15:05  PASSINGBREEZ.ZSM
SEASHORE ZSM        93 2022-09-07  15:05 
CAMINO   ZSM     59452 2022-09-07  15:05 
MAGICA~1 ZSM     50570 2022-09-07  15:05  MAGICALSOUND.ZSM
        8 files             228 579 bytes

Directory for G:/DEFLEMASK

.            <DIR>     2022-09-01   1:04 
..           <DIR>     2022-09-01   1:04 
FIGHTERS ZSM     76247 2022-09-01   1:04 
NEPTUNE  ZSM     47463 2022-09-01   1:04 
COLONY   ZSM     57608 2022-09-01   1:04 
FZONE    ZSM     65721 2022-09-01   1:04 
        6 files             247 039 bytes

Directory for G:/FURNACE

.            <DIR>     2022-09-01   1:04 
..           <DIR>     2022-09-01   1:04 
GREENM~1 ZSM    153811 2022-09-01   1:04  GREENMOTOR.ZSM
AHXSTYLE ZSM     59688 2022-09-07   2:29 
IMAGIN~1 ZSM     81042 2022-09-07  13:30  IMAGINATION.ZSM
THEINT~1 ZSM    225922 2022-09-07  16:32  THEINTROSTAGE.ZSM
        6 files             520 463 bytes

Directory for G:/MSX

.            <DIR>     2022-09-01   1:04 
..           <DIR>     2022-09-01   1:04 
GOONIES  ZSM     11643 2022-09-01   1:04 
        3 files              11 643 bytes

Directory for G:/SEGA

.            <DIR>     2022-09-01   1:04 
..           <DIR>     2022-09-01   1:04 
PHANAS~1 ZSM     86120 2022-09-01   1:04  PHANASYSTAR.ZSM
GREENH~1 ZSM     22337 2022-09-01   1:04  GREENHILL.ZSM
PHSTAR~1     <DIR>     2022-09-01   1:04  PHSTAR IV
SPOOKY   ZSM     16618 2022-09-01   1:04 
        6 files             125 075 bytes

Directory for G:/SEGA/PHSTAR IV

.            <DIR>     2022-09-01   1:04 
..           <DIR>     2022-09-01   1:04 
THEPRO~1 ZSM    194383 2022-09-01   1:04  THE PROMISING FUTURE 1.ZSM
TERRIB~1 ZSM     44787 2022-09-01   1:04  TERRIBLE SIGHT.ZSM
MOTAVI~1 ZSM    136152 2022-09-01   1:04  MOTAVIA VILLAGE.ZSM
THEPRO~2 ZSM    209755 2022-09-01   1:04  THE PROMISING FUTURE 2.ZSM
INN      ZSM     16645 2022-09-01   1:04 
INTHEC~1 ZSM    123326 2022-09-01   1:04  IN THE CAVE.ZSM
TONOED~1 ZSM     82814 2022-09-01   1:04  TONOE DE PON.ZSM
HERLAS~1 ZSM    134227 2022-09-01   1:04  HER LAST BREATH.ZSM
PS1DUN~1 ZSM     82986 2022-09-01   1:04  PS1 DUNGEON ARRANGE 2.ZSM
CYBERN~1 ZSM     41480 2022-09-01   1:04  CYBERNETIC CARNIVAL.ZSM
RIKA     ZSM     28705 2022-09-01   1:04 
MEETTH~1 ZSM     99444 2022-09-01   1:04  MEET THEM HEAD-ON!.ZSM
THEKIN~1 ZSM     51689 2022-09-01   1:04  THE KING OF TERRORS.ZSM
STAFFR~1 ZSM    127052 2022-09-01   1:04  STAFF ROLL.ZSM
THEBLA~1 ZSM    119100 2022-09-01   1:04  THE BLACK BLOOD.ZSM
GUMBIO~1 ZSM    101140 2022-09-01   1:04  GUMBIOUS TEMPLE.ZSM
OOZE     ZSM    349125 2022-09-01   1:04 
WINNERS! ZSM      1228 2022-09-01   1:04 
MOTAVI~2 ZSM     60842 2022-09-01   1:04  MOTAVIA TOWN.ZSM
RYKROS~1 ZSM     86120 2022-09-01   1:04  RYKROS FIELD.ZSM
TOWER    ZSM     51336 2022-09-01   1:04 
ORGANI~1 ZSM    105614 2022-09-01   1:04  ORGANIC BEAT.ZSM
THEAGE~1 ZSM     55470 2022-09-01   1:04  THE AGE OF FABLES.ZSM
RUNE     ZSM     59527 2022-09-01   1:04 
DEZOLI~1 ZSM     51151 2022-09-01   1:04  DEZOLIS FIELD 1.ZSM
EDGEOF~1 ZSM     35664 2022-09-01   1:04  EDGE OF DARKNESS.ZSM
DEZOLI~2 ZSM     62484 2022-09-01   1:04  DEZOLIS FIELD 2.ZSM
DEZOLI~3 ZSM      3846 2022-09-01   1:04  DEZOLIS DE DON.ZSM
REDALE~1 ZSM     29235 2022-09-01   1:04  RED ALERT.ZSM
DEZOLI~4 ZSM     27024 2022-09-01   1:04  DEZOLIS TOWN 2.ZSM
DEFEAT~1 ZSM     24002 2022-09-01   1:04  DEFEAT AT A BLOW!.ZSM
LAUGHTER ZSM    226240 2022-09-01   1:04 
PAO-PAO! ZSM     66037 2022-09-01   1:04 
ABYSS    ZSM     55086 2022-09-01   1:04 
SETTLE~1 ZSM     30459 2022-09-01   1:04  SETTLEMENT.ZSM
REQUIE~1 ZSM    168637 2022-09-01   1:04  REQUIEM FOR LUTZ.ZSM
SUSPIC~1 ZSM     26691 2022-09-01   1:04  SUSPICION.ZSM
BEHIND~1 ZSM     56063 2022-09-01   1:04  BEHIND THE CIRCUIT.ZSM
PAIN     ZSM     47056 2022-09-01   1:04 
PS1DUN~2 ZSM     48070 2022-09-01   1:04  PS1 DUNGEON ARRANGE 1.ZSM
DEZOLI~6 ZSM    150359 2022-09-01   1:04  DEZOLIS TOWN 1.ZSM
JIJYNO~1 ZSM     88284 2022-09-01   1:04  JIJY NO RAG.ZSM
THEEND~1 ZSM     94005 2022-09-01   1:04  THE END OF THE MILLENNIUM.ZSM
NOWONS~1 ZSM     32575 2022-09-01   1:04  NOW ON SALE.ZSM
MACHIN~1 ZSM     29739 2022-09-01   1:04  MACHINE CENTER.ZSM
FIELDM~1 ZSM     92470 2022-09-01   1:04  FIELD MOTAVIA.ZSM
TAKEOFF  ZSM     43942 2022-09-01   1:04 
LANDMA~1 ZSM     68404 2022-09-01   1:04  LAND MASTER AXV-25.ZSM
       50 files           3 920 470 bytes

Directory for G:/X16ROBOTS

.            <DIR>     2022-09-01   1:07 
..           <DIR>     2022-09-01   1:07 
LEVELC   ZSM     69166 2022-09-01   1:07 
WIN      ZSM      1706 2022-09-01   1:07 
LEVELF   ZSM    138774 2022-09-01   1:07 
LEVELD   ZSM    101333 2022-09-01   1:07 
LOSE     ZSM       910 2022-09-01   1:07 
LEVELB   ZSM     96712 2022-09-01   1:07 
LEVELA   ZSM    113061 2022-09-01   1:07 
imgui    ini       573 2022-09-01   1:07 
LEVELE   ZSM    146480 2022-09-01   1:07 
BGM      ZSM    187886 2022-09-01   1:07 
MAIN     ZSM    187886 2022-09-01   1:07 
       13 files           1 044 487 bytes

Directory for G:/MARBLE MADNESS

.            <DIR>     2022-09-07  15:21 
..           <DIR>     2022-09-07  15:21 
LEVEL4~1 ZSM      4865 2022-09-07  15:21  LEVEL 4.ZSM
LEVEL2   ZSM      7997 2022-09-07  15:21 
GAMEOVER ZSM      1606 2022-09-07  15:21 
LEVEL6~1 ZSM      9452 2022-09-07  15:21  LEVEL 6.ZSM
HISCORE  ZSM      9510 2022-09-07  15:21 
LEVEL3~1 ZSM     25491 2022-09-07  15:21  LEVEL 3.ZSM
LEVEL1~1 ZSM      9684 2022-09-07  15:21  LEVEL 1.ZSM
        9 files              68 605 bytes

Total files listed:
      310 files          12 684 897 bytes
                         90 147 840 bytes free

